
> lab-y-ai@0.1.0 dev
> next dev

▲ Next.js 16.2.9 (Turbopack)
- Local:         http://localhost:3000
- Network:       http://192.168.1.7:3000
- Environments: .env.local
✓ Ready in 1723ms

○ Compiling /services ...
 GET /agents/voice-agent 200 in 14.2s (next.js: 13.1s, application-code: 1120ms)
 GET /services 200 in 14.5s (next.js: 11.9s, application-code: 2.6s)
 POST /api/voice-agent 404 in 2.2s (next.js: 1150ms, application-code: 1014ms)
 GET /api/voice-agent 405 in 19ms (next.js: 9ms, application-code: 10ms)
 POST /api/voice-agent 404 in 273ms (next.js: 5ms, application-code: 268ms)
 POST /api/voice-agent 404 in 289ms (next.js: 6ms, application-code: 283ms)
 POST /api/voice-agent 404 in 278ms (next.js: 8ms, application-code: 270ms)
 POST /api/voice-agent 404 in 263ms (next.js: 6ms, application-code: 257ms)
 GET /agents/voice-agent 200 in 107ms (next.js: 34ms, application-code: 72ms)
 GET /services 200 in 399ms (next.js: 117ms, application-code: 282ms)
 POST /api/voice-agent 429 in 343ms (next.js: 70ms, application-code: 272ms)
 POST /api/voice-agent 429 in 361ms (next.js: 9ms, application-code: 352ms)
  Reload env: .env.local
✓ Compiled in 0ms
 GET /agents/voice-agent 200 in 1125ms (next.js: 418ms, application-code: 707ms)
 GET /agents/voice-agent 200 in 962ms (next.js: 20ms, application-code: 941ms)
 GET /services 200 in 1671ms (next.js: 137ms, application-code: 1533ms)
 GET /agents/voice-agent 200 in 576ms (next.js: 92ms, application-code: 484ms)
 GET /services 200 in 1164ms (next.js: 16ms, application-code: 1148ms)
 GET /services 200 in 610ms (next.js: 295ms, application-code: 315ms)
  Reload env: .env.local
✓ Compiled in 199ms
 GET /agents/voice-agent 200 in 850ms (next.js: 395ms, application-code: 455ms)
 GET /agents/voice-agent 200 in 329ms (next.js: 93ms, application-code: 237ms)
 GET /agents/voice-agent 200 in 182ms (next.js: 105ms, application-code: 78ms)
 GET /services 200 in 868ms (next.js: 145ms, application-code: 723ms)
 GET /services 200 in 350ms (next.js: 15ms, application-code: 334ms)
 GET /services 200 in 197ms (next.js: 15ms, application-code: 182ms)
 GET /services 200 in 469ms (next.js: 15ms, application-code: 454ms)
 GET / 200 in 1097ms (next.js: 1021ms, application-code: 77ms)
 GET /services 200 in 98ms (next.js: 13ms, application-code: 85ms)
 GET /demos 200 in 1370ms (next.js: 1211ms, application-code: 158ms)
 GET /agents/voice-agent 200 in 67ms (next.js: 11ms, application-code: 56ms)
 POST /api/voice-agent 429 in 441ms (next.js: 56ms, application-code: 385ms)
 POST /api/voice-agent 429 in 328ms (next.js: 12ms, application-code: 316ms)
 GET /agents/voice-agent 200 in 213ms (next.js: 14ms, application-code: 198ms)
 GET /pricing 200 in 1339ms (next.js: 1187ms, application-code: 152ms)
 GET / 200 in 71ms (next.js: 10ms, application-code: 61ms)
 GET / 200 in 32ms (next.js: 14ms, application-code: 18ms)
 GET / 200 in 127ms (next.js: 32ms, application-code: 95ms)
 GET /services 200 in 105ms (next.js: 14ms, application-code: 92ms)
 GET / 200 in 75ms (next.js: 13ms, application-code: 63ms)
 GET /services 200 in 125ms (next.js: 12ms, application-code: 113ms)
 GET / 200 in 69ms (next.js: 10ms, application-code: 58ms)
✓ Compiled in 213ms
 GET /agents/voice-agent 200 in 751ms (next.js: 290ms, application-code: 461ms)
 GET / 200 in 368ms (next.js: 55ms, application-code: 313ms)
 GET /agents/voice-agent 200 in 234ms (next.js: 15ms, application-code: 218ms)
 GET / 200 in 135ms (next.js: 14ms, application-code: 121ms)
✓ Compiled in 320ms
 GET /agents/voice-agent 200 in 631ms (next.js: 160ms, application-code: 470ms)
 GET / 200 in 642ms (next.js: 276ms, application-code: 365ms)
 GET /agents/voice-agent 200 in 217ms (next.js: 97ms, application-code: 120ms)
 GET / 200 in 219ms (next.js: 21ms, application-code: 197ms)
✓ Compiled in 372ms
 GET /agents/voice-agent 200 in 709ms (next.js: 162ms, application-code: 547ms)
 GET / 200 in 815ms (next.js: 297ms, application-code: 517ms)
 GET /agents/voice-agent 200 in 557ms (next.js: 154ms, application-code: 403ms)
 GET / 200 in 645ms (next.js: 28ms, application-code: 617ms)
 GET / 200 in 587ms (next.js: 16ms, application-code: 571ms)
 GET / 200 in 497ms (next.js: 18ms, application-code: 480ms)
 GET / 200 in 468ms (next.js: 17ms, application-code: 451ms)
 GET / 200 in 474ms (next.js: 18ms, application-code: 456ms)
 GET / 200 in 619ms (next.js: 17ms, application-code: 602ms)
 GET / 200 in 633ms (next.js: 14ms, application-code: 619ms)
 GET / 200 in 702ms (next.js: 18ms, application-code: 684ms)
 GET / 200 in 631ms (next.js: 17ms, application-code: 614ms)
 GET / 200 in 624ms (next.js: 22ms, application-code: 602ms)
 GET / 200 in 491ms (next.js: 18ms, application-code: 473ms)
 GET / 200 in 476ms (next.js: 16ms, application-code: 459ms)
 GET / 200 in 465ms (next.js: 15ms, application-code: 451ms)
 GET / 200 in 519ms (next.js: 23ms, application-code: 496ms)
 GET / 200 in 433ms (next.js: 17ms, application-code: 416ms)
 GET / 200 in 349ms (next.js: 22ms, application-code: 327ms)
 GET / 200 in 505ms (next.js: 17ms, application-code: 488ms)
 GET / 200 in 417ms (next.js: 16ms, application-code: 401ms)
 GET / 200 in 438ms (next.js: 15ms, application-code: 423ms)
 GET / 200 in 552ms (next.js: 16ms, application-code: 536ms)
 GET / 200 in 476ms (next.js: 20ms, application-code: 456ms)
 GET / 200 in 397ms (next.js: 16ms, application-code: 381ms)
 GET / 200 in 658ms (next.js: 15ms, application-code: 643ms)
 GET / 200 in 576ms (next.js: 30ms, application-code: 546ms)
 GET / 200 in 585ms (next.js: 26ms, application-code: 559ms)
 GET / 200 in 653ms (next.js: 17ms, application-code: 637ms)
 GET / 200 in 547ms (next.js: 15ms, application-code: 531ms)
 GET / 200 in 548ms (next.js: 126ms, application-code: 422ms)
 GET /agents/voice-agent 200 in 533ms (next.js: 16ms, application-code: 517ms)
 GET / 200 in 652ms (next.js: 17ms, application-code: 635ms)
 GET /agents/voice-agent 200 in 452ms (next.js: 12ms, application-code: 440ms)
 GET /agents/voice-agent 200 in 664ms (next.js: 17ms, application-code: 646ms)
 GET /agents/voice-agent 200 in 569ms (next.js: 21ms, application-code: 548ms)
 GET /agents/voice-agent 200 in 570ms (next.js: 116ms, application-code: 454ms)
 GET /agents/voice-agent 200 in 597ms (next.js: 21ms, application-code: 577ms)
 GET /agents/voice-agent 200 in 598ms (next.js: 112ms, application-code: 487ms)
 GET /agents/voice-agent 200 in 411ms (next.js: 25ms, application-code: 386ms)
 GET /agents/voice-agent 200 in 589ms (next.js: 20ms, application-code: 570ms)
 GET /agents/voice-agent 200 in 494ms (next.js: 17ms, application-code: 477ms)
 GET /agents/voice-agent 200 in 501ms (next.js: 102ms, application-code: 399ms)
 GET /agents/voice-agent 200 in 516ms (next.js: 17ms, application-code: 499ms)
 GET /agents/voice-agent 200 in 420ms (next.js: 13ms, application-code: 407ms)
 GET /agents/voice-agent 200 in 333ms (next.js: 15ms, application-code: 318ms)
 GET /agents/voice-agent 200 in 437ms (next.js: 16ms, application-code: 421ms)
 GET /agents/voice-agent 200 in 370ms (next.js: 15ms, application-code: 355ms)
 GET /agents/voice-agent 200 in 443ms (next.js: 82ms, application-code: 361ms)
 GET /agents/voice-agent 200 in 401ms (next.js: 17ms, application-code: 384ms)
 GET /agents/voice-agent 200 in 420ms (next.js: 12ms, application-code: 408ms)
 GET /agents/voice-agent 200 in 428ms (next.js: 16ms, application-code: 411ms)
 GET /agents/voice-agent 200 in 498ms (next.js: 12ms, application-code: 486ms)
 GET /agents/voice-agent 200 in 433ms (next.js: 15ms, application-code: 418ms)
 GET /agents/voice-agent 200 in 430ms (next.js: 35ms, application-code: 396ms)
 GET /agents/voice-agent 200 in 330ms (next.js: 15ms, application-code: 315ms)
 GET /agents/voice-agent 200 in 317ms (next.js: 17ms, application-code: 300ms)
 GET /agents/voice-agent 200 in 246ms (next.js: 16ms, application-code: 229ms)
 GET /agents/voice-agent 200 in 162ms (next.js: 17ms, application-code: 145ms)
 GET /agents/voice-agent 200 in 85ms (next.js: 16ms, application-code: 69ms)
✓ Compiled in 294ms
 GET /agents/voice-agent 200 in 778ms (next.js: 146ms, application-code: 632ms)
 GET / 200 in 792ms (next.js: 362ms, application-code: 431ms)
 GET /agents/voice-agent 200 in 320ms (next.js: 122ms, application-code: 197ms)
 GET / 200 in 545ms (next.js: 16ms, application-code: 529ms)
 GET / 200 in 537ms (next.js: 13ms, application-code: 523ms)
 GET / 200 in 535ms (next.js: 19ms, application-code: 515ms)
 GET / 200 in 533ms (next.js: 75ms, application-code: 458ms)
 GET / 200 in 401ms (next.js: 13ms, application-code: 388ms)
 GET / 200 in 507ms (next.js: 24ms, application-code: 483ms)
 GET / 200 in 545ms (next.js: 15ms, application-code: 530ms)
 GET / 200 in 692ms (next.js: 14ms, application-code: 678ms)
 GET / 200 in 712ms (next.js: 18ms, application-code: 694ms)
 GET / 200 in 711ms (next.js: 114ms, application-code: 597ms)
 GET / 200 in 526ms (next.js: 19ms, application-code: 508ms)
 GET / 200 in 472ms (next.js: 19ms, application-code: 452ms)
 GET / 200 in 535ms (next.js: 17ms, application-code: 518ms)
 GET / 200 in 551ms (next.js: 19ms, application-code: 532ms)
 GET / 200 in 508ms (next.js: 15ms, application-code: 493ms)
 GET / 200 in 507ms (next.js: 82ms, application-code: 425ms)
 GET / 200 in 342ms (next.js: 15ms, application-code: 327ms)
 GET / 200 in 345ms (next.js: 15ms, application-code: 330ms)
 GET / 200 in 513ms (next.js: 12ms, application-code: 502ms)
 GET / 200 in 520ms (next.js: 16ms, application-code: 504ms)
 GET / 200 in 514ms (next.js: 14ms, application-code: 500ms)
 GET / 200 in 436ms (next.js: 16ms, application-code: 420ms)
 GET / 200 in 440ms (next.js: 84ms, application-code: 356ms)
 GET / 200 in 418ms (next.js: 16ms, application-code: 402ms)
 GET / 200 in 667ms (next.js: 15ms, application-code: 652ms)
 GET / 200 in 652ms (next.js: 14ms, application-code: 638ms)
 GET / 200 in 569ms (next.js: 22ms, application-code: 547ms)
 GET / 200 in 528ms (next.js: 25ms, application-code: 503ms)
 GET / 200 in 523ms (next.js: 116ms, application-code: 407ms)
 GET / 200 in 430ms (next.js: 61ms, application-code: 368ms)
 GET / 200 in 505ms (next.js: 12ms, application-code: 493ms)
 GET /agents/voice-agent 200 in 423ms (next.js: 14ms, application-code: 409ms)
 GET /agents/voice-agent 200 in 463ms (next.js: 17ms, application-code: 445ms)
 GET /agents/voice-agent 200 in 418ms (next.js: 16ms, application-code: 403ms)
 GET /agents/voice-agent 200 in 365ms (next.js: 16ms, application-code: 348ms)
 GET /agents/voice-agent 200 in 442ms (next.js: 82ms, application-code: 360ms)
 GET /agents/voice-agent 200 in 382ms (next.js: 16ms, application-code: 366ms)
 GET /agents/voice-agent 200 in 418ms (next.js: 15ms, application-code: 403ms)
 GET /agents/voice-agent 200 in 409ms (next.js: 20ms, application-code: 389ms)
 GET /agents/voice-agent 200 in 439ms (next.js: 18ms, application-code: 422ms)
 GET /agents/voice-agent 200 in 502ms (next.js: 29ms, application-code: 473ms)
 GET /agents/voice-agent 200 in 507ms (next.js: 107ms, application-code: 400ms)
 GET /agents/voice-agent 200 in 345ms (next.js: 13ms, application-code: 332ms)
 GET /agents/voice-agent 200 in 419ms (next.js: 19ms, application-code: 400ms)
 GET /agents/voice-agent 200 in 397ms (next.js: 14ms, application-code: 383ms)
 GET /agents/voice-agent 200 in 383ms (next.js: 13ms, application-code: 370ms)
 GET /agents/voice-agent 200 in 454ms (next.js: 17ms, application-code: 437ms)
 GET /agents/voice-agent 200 in 453ms (next.js: 81ms, application-code: 372ms)
 GET /agents/voice-agent 200 in 316ms (next.js: 16ms, application-code: 301ms)
 GET /agents/voice-agent 200 in 384ms (next.js: 17ms, application-code: 367ms)
 GET /agents/voice-agent 200 in 458ms (next.js: 17ms, application-code: 442ms)
 GET /agents/voice-agent 200 in 386ms (next.js: 15ms, application-code: 372ms)
 GET /agents/voice-agent 200 in 460ms (next.js: 84ms, application-code: 376ms)
 GET /agents/voice-agent 200 in 466ms (next.js: 18ms, application-code: 448ms)
 GET /agents/voice-agent 200 in 323ms (next.js: 16ms, application-code: 307ms)
 GET /agents/voice-agent 200 in 442ms (next.js: 14ms, application-code: 429ms)
 GET /agents/voice-agent 200 in 509ms (next.js: 15ms, application-code: 494ms)
 GET /agents/voice-agent 200 in 436ms (next.js: 13ms, application-code: 422ms)
 GET /agents/voice-agent 200 in 357ms (next.js: 24ms, application-code: 333ms)
 GET /agents/voice-agent 200 in 354ms (next.js: 86ms, application-code: 268ms)
 GET /agents/voice-agent 200 in 204ms (next.js: 46ms, application-code: 158ms)
✓ Compiled in 302ms
✓ Compiled in 124ms
 GET /agents/voice-agent 200 in 614ms (next.js: 291ms, application-code: 324ms)
 GET / 200 in 620ms (next.js: 156ms, application-code: 464ms)
 GET /agents/voice-agent 200 in 170ms (next.js: 98ms, application-code: 72ms)
 GET / 200 in 212ms (next.js: 62ms, application-code: 150ms)
✓ Compiled in 221ms
 GET /agents/voice-agent 200 in 1050ms (next.js: 349ms, application-code: 701ms)
 GET / 200 in 1036ms (next.js: 578ms, application-code: 458ms)
 GET /agents/voice-agent 200 in 297ms (next.js: 192ms, application-code: 105ms)
 GET / 200 in 298ms (next.js: 79ms, application-code: 219ms)
 GET /agents/voice-agent 200 in 476ms (next.js: 365ms, application-code: 111ms)
 GET / 200 in 477ms (next.js: 196ms, application-code: 280ms)
 GET /services 200 in 408ms (next.js: 287ms, application-code: 121ms)
 GET /demos 200 in 369ms (next.js: 237ms, application-code: 132ms)
 GET /pricing 200 in 437ms (next.js: 232ms, application-code: 205ms)
 GET /contact 200 in 1473ms (next.js: 1366ms, application-code: 107ms)
 GET /pricing 200 in 188ms (next.js: 13ms, application-code: 175ms)
 GET /contact 200 in 126ms (next.js: 16ms, application-code: 110ms)
 GET / 200 in 932ms (next.js: 12ms, application-code: 920ms)
 GET /agents/voice-agent 200 in 483ms (next.js: 13ms, application-code: 469ms)
 GET /demos 200 in 862ms (next.js: 122ms, application-code: 740ms)
 GET / 200 in 129ms (next.js: 23ms, application-code: 106ms)
✓ Compiled in 362ms
✓ Compiled in 536ms
 GET / 200 in 476ms (next.js: 276ms, application-code: 200ms)
 GET /contact 200 in 1966ms (next.js: 694ms, application-code: 1273ms)
 GET / 200 in 151ms (next.js: 13ms, application-code: 138ms)
✓ Compiled in 761ms
 GET / 200 in 6.0s (next.js: 556ms, application-code: 5.4s)
✓ Compiled in 1483ms
✓ Compiled in 253ms
 GET / 200 in 4.9s (next.js: 2.1s, application-code: 2.8s)
✓ Compiled in 166ms
 GET / 200 in 6.3s (next.js: 2.4s, application-code: 4.0s)
✓ Compiled in 332ms
 GET / 200 in 902ms (next.js: 368ms, application-code: 534ms)
✓ Compiled in 232ms
 GET / 200 in 852ms (next.js: 478ms, application-code: 374ms)
 GET / 200 in 593ms (next.js: 237ms, application-code: 356ms)
 GET / 200 in 581ms (next.js: 72ms, application-code: 510ms)
 GET / 200 in 365ms (next.js: 34ms, application-code: 330ms)
 GET / 200 in 368ms (next.js: 182ms, application-code: 186ms)
✓ Compiled in 209ms
✓ Compiled in 234ms
 GET / 200 in 821ms (next.js: 16ms, application-code: 806ms)
 GET /services 200 in 735ms (next.js: 415ms, application-code: 320ms)
 GET /services 200 in 672ms (next.js: 23ms, application-code: 648ms)
 GET /demos 200 in 497ms (next.js: 278ms, application-code: 219ms)
 GET /demos 200 in 565ms (next.js: 12ms, application-code: 553ms)
 GET /demos 200 in 659ms (next.js: 22ms, application-code: 637ms)
 GET / 200 in 129ms (next.js: 13ms, application-code: 115ms)
 GET /services 200 in 183ms (next.js: 14ms, application-code: 169ms)
✓ Compiled in 575ms
✓ Compiled in 485ms
 GET /services 200 in 2.6s (next.js: 1191ms, application-code: 1443ms)
 GET /services 200 in 986ms (next.js: 24ms, application-code: 962ms)
 GET /services 200 in 757ms (next.js: 33ms, application-code: 725ms)
 GET /services 200 in 1435ms (next.js: 718ms, application-code: 717ms)
✓ Compiled in 1101ms
 GET /services 200 in 976ms (next.js: 614ms, application-code: 361ms)
 GET /services 200 in 730ms (next.js: 406ms, application-code: 324ms)
 GET / 200 in 6.0s (next.js: 4.3s, application-code: 1720ms)
 GET / 200 in 332ms (next.js: 154ms, application-code: 179ms)
 GET / 200 in 558ms (next.js: 306ms, application-code: 252ms)
 GET /demos 200 in 890ms (next.js: 587ms, application-code: 302ms)
 GET /demos 200 in 986ms (next.js: 28ms, application-code: 958ms)
 GET /agents 200 in 1233ms (next.js: 1138ms, application-code: 95ms)
 GET /pricing 200 in 851ms (next.js: 288ms, application-code: 563ms)
 GET / 200 in 89ms (next.js: 17ms, application-code: 73ms)
 GET /services 200 in 183ms (next.js: 61ms, application-code: 122ms)
 GET /services 200 in 443ms (next.js: 12ms, application-code: 432ms)
 GET / 200 in 91ms (next.js: 15ms, application-code: 76ms)
 GET /demos 200 in 458ms (next.js: 19ms, application-code: 439ms)
 GET / 200 in 193ms (next.js: 14ms, application-code: 179ms)
 GET /services 200 in 203ms (next.js: 12ms, application-code: 190ms)
 GET / 200 in 83ms (next.js: 9ms, application-code: 74ms)
✓ Compiled in 328ms
✓ Compiled in 2.2s
 GET / 200 in 8.2s (next.js: 638ms, application-code: 7.5s)
 GET / 200 in 6.9s (next.js: 486ms, application-code: 6.5s)
 GET / 200 in 6.1s (next.js: 573ms, application-code: 5.5s)
 GET / 200 in 6.1s (next.js: 857ms, application-code: 5.2s)
 GET / 200 in 6.1s (next.js: 1083ms, application-code: 5.0s)
 GET / 200 in 6.1s (next.js: 2.1s, application-code: 4.0s)
 GET / 200 in 3.9s (next.js: 1245ms, application-code: 2.7s)
 GET / 200 in 2.2s (next.js: 386ms, application-code: 1812ms)
 GET / 200 in 1701ms (next.js: 138ms, application-code: 1563ms)
 GET / 200 in 1713ms (next.js: 19ms, application-code: 1694ms)
 GET / 200 in 1714ms (next.js: 617ms, application-code: 1096ms)
 GET / 200 in 1715ms (next.js: 978ms, application-code: 738ms)
 GET / 200 in 1924ms (next.js: 94ms, application-code: 1830ms)
 GET / 200 in 1401ms (next.js: 145ms, application-code: 1256ms)
 GET / 200 in 1412ms (next.js: 577ms, application-code: 835ms)
 GET / 200 in 1433ms (next.js: 1060ms, application-code: 373ms)
 GET /agents/3d-avatar-agent 200 in 1453ms (next.js: 1365ms, application-code: 88ms)
 GET /agents/voice-agent 200 in 708ms (next.js: 602ms, application-code: 106ms)
 GET / 200 in 248ms (next.js: 169ms, application-code: 79ms)
 GET / 200 in 153ms (next.js: 15ms, application-code: 137ms)
 GET /services 200 in 655ms (next.js: 413ms, application-code: 242ms)
 GET / 200 in 98ms (next.js: 10ms, application-code: 88ms)
✓ Compiled in 2.2s
⨯ ./src/app/globals.css
Error evaluating Node.js code
CssSyntaxError: C:\Users\ADMIN\Desktop\New1\lab-y-ai\src\app\globals.css:42:1: Unexpected }
    [at Input.error (turbopack:///[project]/node_modules/postcss/lib/input.js:135:16)]
    [at Parser.unexpectedClose (turbopack:///[project]/node_modules/postcss/lib/parser.js:594:22)]
    [at Parser.end (turbopack:///[project]/node_modules/postcss/lib/parser.js:337:12)]
    [at Parser.parse (turbopack:///[project]/node_modules/postcss/lib/parser.js:463:16)]
    [at parser (turbopack:///[project]/node_modules/postcss/lib/parse.js:11:12)]
    [at new LazyResult (turbopack:///[project]/node_modules/postcss/lib/lazy-result.js:165:16)]
    [at Processor.process (turbopack:///[project]/node_modules/postcss/lib/processor.js:53:14)]
    [at transform (turbopack:///[turbopack-node]/transforms/postcss.ts:70:51)]
    [at run (turbopack:///[turbopack-node]/child_process/evaluate.ts:89:29)]
    [at run (turbopack:///[turbopack-node]/child_process/evaluate.ts:112:11)]

Import trace:
  Client Component Browser:
    ./src/app/globals.css [Client Component Browser]
    ./src/app/layout.tsx [Server Component]


⨯ ./src/app/globals.css
Error evaluating Node.js code
CssSyntaxError: C:\Users\ADMIN\Desktop\New1\lab-y-ai\src\app\globals.css:42:1: Unexpected }
    [at Input.error (turbopack:///[project]/node_modules/postcss/lib/input.js:135:16)]
    [at Parser.unexpectedClose (turbopack:///[project]/node_modules/postcss/lib/parser.js:594:22)]
    [at Parser.end (turbopack:///[project]/node_modules/postcss/lib/parser.js:337:12)]
    [at Parser.parse (turbopack:///[project]/node_modules/postcss/lib/parser.js:463:16)]
    [at parser (turbopack:///[project]/node_modules/postcss/lib/parse.js:11:12)]
    [at new LazyResult (turbopack:///[project]/node_modules/postcss/lib/lazy-result.js:165:16)]
    [at Processor.process (turbopack:///[project]/node_modules/postcss/lib/processor.js:53:14)]
    [at transform (turbopack:///[turbopack-node]/transforms/postcss.ts:70:51)]
    [at run (turbopack:///[turbopack-node]/child_process/evaluate.ts:89:29)]
    [at run (turbopack:///[turbopack-node]/child_process/evaluate.ts:112:11)]

Import trace:
  Client Component Browser:
    ./src/app/globals.css [Client Component Browser]
    ./src/app/layout.tsx [Server Component]


✓ Compiled in 73ms
 GET / 200 in 3.0s (next.js: 1386ms, application-code: 1616ms)
 GET / 200 in 6.1s (next.js: 991ms, application-code: 5.1s)
 GET / 200 in 3.2s (next.js: 1686ms, application-code: 1554ms)
[browser] ./src/app/globals.css
Error evaluating Node.js code
CssSyntaxError: C:\Users\ADMIN\Desktop\New1\lab-y-ai\src\app\globals.css:42:1: Unexpected }
    [at Input.error (turbopack:///[project]/node_modules/postcss/lib/input.js:135:16)]
    [at Parser.unexpectedClose (turbopack:///[project]/node_modules/postcss/lib/parser.js:594:22)]
    [at Parser.end (turbopack:///[project]/node_modules/postcss/lib/parser.js:337:12)]
    [at Parser.parse (turbopack:///[project]/node_modules/postcss/lib/parser.js:463:16)]
    [at parser (turbopack:///[project]/node_modules/postcss/lib/parse.js:11:12)]
    [at new LazyResult (turbopack:///[project]/node_modules/postcss/lib/lazy-result.js:165:16)]
    [at Processor.process (turbopack:///[project]/node_modules/postcss/lib/processor.js:53:14)]
    [at transform (turbopack:///[turbopack-node]/transforms/postcss.ts:70:51)]
    [at run (turbopack:///[turbopack-node]/child_process/evaluate.ts:89:29)]
    [at run (turbopack:///[turbopack-node]/child_process/evaluate.ts:112:11)]

Import trace:
  Client Component Browser:
    ./src/app/globals.css [Client Component Browser]
    ./src/app/layout.tsx [Server Component] 
[browser] ./src/app/globals.css
Error evaluating Node.js code
CssSyntaxError: C:\Users\ADMIN\Desktop\New1\lab-y-ai\src\app\globals.css:42:1: Unexpected }
    [at Input.error (turbopack:///[project]/node_modules/postcss/lib/input.js:135:16)]
    [at Parser.unexpectedClose (turbopack:///[project]/node_modules/postcss/lib/parser.js:594:22)]
    [at Parser.end (turbopack:///[project]/node_modules/postcss/lib/parser.js:337:12)]
    [at Parser.parse (turbopack:///[project]/node_modules/postcss/lib/parser.js:463:16)]
    [at parser (turbopack:///[project]/node_modules/postcss/lib/parse.js:11:12)]
    [at new LazyResult (turbopack:///[project]/node_modules/postcss/lib/lazy-result.js:165:16)]
    [at Processor.process (turbopack:///[project]/node_modules/postcss/lib/processor.js:53:14)]
    [at transform (turbopack:///[turbopack-node]/transforms/postcss.ts:70:51)]
    [at run (turbopack:///[turbopack-node]/child_process/evaluate.ts:89:29)]
    [at run (turbopack:///[turbopack-node]/child_process/evaluate.ts:112:11)]

Import trace:
  Client Component Browser:
    ./src/app/globals.css [Client Component Browser]
    ./src/app/layout.tsx [Server Component] 
[browser] ./src/app/globals.css
Error evaluating Node.js code
CssSyntaxError: C:\Users\ADMIN\Desktop\New1\lab-y-ai\src\app\globals.css:42:1: Unexpected }
    [at Input.error (turbopack:///[project]/node_modules/postcss/lib/input.js:135:16)]
    [at Parser.unexpectedClose (turbopack:///[project]/node_modules/postcss/lib/parser.js:594:22)]
    [at Parser.end (turbopack:///[project]/node_modules/postcss/lib/parser.js:337:12)]
    [at Parser.parse (turbopack:///[project]/node_modules/postcss/lib/parser.js:463:16)]
    [at parser (turbopack:///[project]/node_modules/postcss/lib/parse.js:11:12)]
    [at new LazyResult (turbopack:///[project]/node_modules/postcss/lib/lazy-result.js:165:16)]
    [at Processor.process (turbopack:///[project]/node_modules/postcss/lib/processor.js:53:14)]
    [at transform (turbopack:///[turbopack-node]/transforms/postcss.ts:70:51)]
    [at run (turbopack:///[turbopack-node]/child_process/evaluate.ts:89:29)]
    [at run (turbopack:///[turbopack-node]/child_process/evaluate.ts:112:11)]

Import trace:
  Client Component Browser:
    ./src/app/globals.css [Client Component Browser]
    ./src/app/layout.tsx [Server Component] 
[browser] ./src/app/globals.css
Error evaluating Node.js code
CssSyntaxError: C:\Users\ADMIN\Desktop\New1\lab-y-ai\src\app\globals.css:42:1: Unexpected }
    [at Input.error (turbopack:///[project]/node_modules/postcss/lib/input.js:135:16)]
    [at Parser.unexpectedClose (turbopack:///[project]/node_modules/postcss/lib/parser.js:594:22)]
    [at Parser.end (turbopack:///[project]/node_modules/postcss/lib/parser.js:337:12)]
    [at Parser.parse (turbopack:///[project]/node_modules/postcss/lib/parser.js:463:16)]
    [at parser (turbopack:///[project]/node_modules/postcss/lib/parse.js:11:12)]
    [at new LazyResult (turbopack:///[project]/node_modules/postcss/lib/lazy-result.js:165:16)]
    [at Processor.process (turbopack:///[project]/node_modules/postcss/lib/processor.js:53:14)]
    [at transform (turbopack:///[turbopack-node]/transforms/postcss.ts:70:51)]
    [at run (turbopack:///[turbopack-node]/child_process/evaluate.ts:89:29)]
    [at run (turbopack:///[turbopack-node]/child_process/evaluate.ts:112:11)]

Import trace:
  Client Component Browser:
    ./src/app/globals.css [Client Component Browser]
    ./src/app/layout.tsx [Server Component] 
[browser] ./src/app/globals.css
Error evaluating Node.js code
CssSyntaxError: C:\Users\ADMIN\Desktop\New1\lab-y-ai\src\app\globals.css:42:1: Unexpected }
    [at Input.error (turbopack:///[project]/node_modules/postcss/lib/input.js:135:16)]
    [at Parser.unexpectedClose (turbopack:///[project]/node_modules/postcss/lib/parser.js:594:22)]
    [at Parser.end (turbopack:///[project]/node_modules/postcss/lib/parser.js:337:12)]
    [at Parser.parse (turbopack:///[project]/node_modules/postcss/lib/parser.js:463:16)]
    [at parser (turbopack:///[project]/node_modules/postcss/lib/parse.js:11:12)]
    [at new LazyResult (turbopack:///[project]/node_modules/postcss/lib/lazy-result.js:165:16)]
    [at Processor.process (turbopack:///[project]/node_modules/postcss/lib/processor.js:53:14)]
    [at transform (turbopack:///[turbopack-node]/transforms/postcss.ts:70:51)]
    [at run (turbopack:///[turbopack-node]/child_process/evaluate.ts:89:29)]
    [at run (turbopack:///[turbopack-node]/child_process/evaluate.ts:112:11)]

Import trace:
  Client Component Browser:
    ./src/app/globals.css [Client Component Browser]
    ./src/app/layout.tsx [Server Component] 
[browser] ./src/app/globals.css
Error evaluating Node.js code
CssSyntaxError: C:\Users\ADMIN\Desktop\New1\lab-y-ai\src\app\globals.css:42:1: Unexpected }
    [at Input.error (turbopack:///[project]/node_modules/postcss/lib/input.js:135:16)]
    [at Parser.unexpectedClose (turbopack:///[project]/node_modules/postcss/lib/parser.js:594:22)]
    [at Parser.end (turbopack:///[project]/node_modules/postcss/lib/parser.js:337:12)]
    [at Parser.parse (turbopack:///[project]/node_modules/postcss/lib/parser.js:463:16)]
    [at parser (turbopack:///[project]/node_modules/postcss/lib/parse.js:11:12)]
    [at new LazyResult (turbopack:///[project]/node_modules/postcss/lib/lazy-result.js:165:16)]
    [at Processor.process (turbopack:///[project]/node_modules/postcss/lib/processor.js:53:14)]
    [at transform (turbopack:///[turbopack-node]/transforms/postcss.ts:70:51)]
    [at run (turbopack:///[turbopack-node]/child_process/evaluate.ts:89:29)]
    [at run (turbopack:///[turbopack-node]/child_process/evaluate.ts:112:11)]

Import trace:
  Client Component Browser:
    ./src/app/globals.css [Client Component Browser]
    ./src/app/layout.tsx [Server Component] 
[browser] ./src/app/globals.css
Error evaluating Node.js code
CssSyntaxError: C:\Users\ADMIN\Desktop\New1\lab-y-ai\src\app\globals.css:42:1: Unexpected }
    [at Input.error (turbopack:///[project]/node_modules/postcss/lib/input.js:135:16)]
    [at Parser.unexpectedClose (turbopack:///[project]/node_modules/postcss/lib/parser.js:594:22)]
    [at Parser.end (turbopack:///[project]/node_modules/postcss/lib/parser.js:337:12)]
    [at Parser.parse (turbopack:///[project]/node_modules/postcss/lib/parser.js:463:16)]
    [at parser (turbopack:///[project]/node_modules/postcss/lib/parse.js:11:12)]
    [at new LazyResult (turbopack:///[project]/node_modules/postcss/lib/lazy-result.js:165:16)]
    [at Processor.process (turbopack:///[project]/node_modules/postcss/lib/processor.js:53:14)]
    [at transform (turbopack:///[turbopack-node]/transforms/postcss.ts:70:51)]
    [at run (turbopack:///[turbopack-node]/child_process/evaluate.ts:89:29)]
    [at run (turbopack:///[turbopack-node]/child_process/evaluate.ts:112:11)]

Import trace:
  Client Component Browser:
    ./src/app/globals.css [Client Component Browser]
    ./src/app/layout.tsx [Server Component] 
[browser] ./src/app/globals.css
Error evaluating Node.js code
CssSyntaxError: C:\Users\ADMIN\Desktop\New1\lab-y-ai\src\app\globals.css:42:1: Unexpected }
    [at Input.error (turbopack:///[project]/node_modules/postcss/lib/input.js:135:16)]
    [at Parser.unexpectedClose (turbopack:///[project]/node_modules/postcss/lib/parser.js:594:22)]
    [at Parser.end (turbopack:///[project]/node_modules/postcss/lib/parser.js:337:12)]
    [at Parser.parse (turbopack:///[project]/node_modules/postcss/lib/parser.js:463:16)]
    [at parser (turbopack:///[project]/node_modules/postcss/lib/parse.js:11:12)]
    [at new LazyResult (turbopack:///[project]/node_modules/postcss/lib/lazy-result.js:165:16)]
    [at Processor.process (turbopack:///[project]/node_modules/postcss/lib/processor.js:53:14)]
    [at transform (turbopack:///[turbopack-node]/transforms/postcss.ts:70:51)]
    [at run (turbopack:///[turbopack-node]/child_process/evaluate.ts:89:29)]
    [at run (turbopack:///[turbopack-node]/child_process/evaluate.ts:112:11)]

Import trace:
  Client Component Browser:
    ./src/app/globals.css [Client Component Browser]
    ./src/app/layout.tsx [Server Component] 
○ Compiling /_error ...
[browser] ./src/app/globals.css
Error evaluating Node.js code
CssSyntaxError: C:\Users\ADMIN\Desktop\New1\lab-y-ai\src\app\globals.css:42:1: Unexpected }
    [at Input.error (turbopack:///[project]/node_modules/postcss/lib/input.js:135:16)]
    [at Parser.unexpectedClose (turbopack:///[project]/node_modules/postcss/lib/parser.js:594:22)]
    [at Parser.end (turbopack:///[project]/node_modules/postcss/lib/parser.js:337:12)]
    [at Parser.parse (turbopack:///[project]/node_modules/postcss/lib/parser.js:463:16)]
    [at parser (turbopack:///[project]/node_modules/postcss/lib/parse.js:11:12)]
    [at new LazyResult (turbopack:///[project]/node_modules/postcss/lib/lazy-result.js:165:16)]
    [at Processor.process (turbopack:///[project]/node_modules/postcss/lib/processor.js:53:14)]
    [at transform (turbopack:///[turbopack-node]/transforms/postcss.ts:70:51)]
    [at run (turbopack:///[turbopack-node]/child_process/evaluate.ts:89:29)]
    [at run (turbopack:///[turbopack-node]/child_process/evaluate.ts:112:11)]

Import trace:
  Client Component Browser:
    ./src/app/globals.css [Client Component Browser]
    ./src/app/layout.tsx [Server Component] 
 GET / 200 in 579ms (next.js: 27ms, application-code: 551ms)
 GET / 200 in 505ms (next.js: 17ms, application-code: 489ms)
 GET / 200 in 667ms (next.js: 30ms, application-code: 637ms)
 GET / 200 in 662ms (next.js: 88ms, application-code: 574ms)
 GET / 200 in 824ms (next.js: 151ms, application-code: 673ms)
 GET / 200 in 651ms (next.js: 10ms, application-code: 641ms)
 GET / 200 in 591ms (next.js: 69ms, application-code: 522ms)
 GET / 200 in 345ms (next.js: 19ms, application-code: 325ms)
 GET / 200 in 226ms (next.js: 12ms, application-code: 214ms)
 GET / 200 in 199ms (next.js: 11ms, application-code: 188ms)
 GET / 200 in 38ms (next.js: 18ms, application-code: 20ms)
 GET / 200 in 97ms (next.js: 12ms, application-code: 85ms)
✓ Compiled in 625ms
✓ Compiled in 1962ms
 GET /services 200 in 1388ms (next.js: 598ms, application-code: 790ms)
 GET / 200 in 294ms (next.js: 31ms, application-code: 263ms)
 GET / 200 in 40ms (next.js: 16ms, application-code: 24ms)
 GET / 200 in 98ms (next.js: 11ms, application-code: 87ms)
 GET /demos 200 in 556ms (next.js: 363ms, application-code: 194ms)
 GET /agents/text-agent 200 in 1403ms (next.js: 1331ms, application-code: 72ms)
 POST /api/voice-agent 429 in 915ms (next.js: 175ms, application-code: 740ms)
 POST /api/voice-agent 429 in 316ms (next.js: 5ms, application-code: 310ms)
 GET /demos 200 in 766ms (next.js: 86ms, application-code: 679ms)
○ Compiling /agents/testing-agent ...
 GET /agents/testing-agent 200 in 5.1s (next.js: 4.6s, application-code: 517ms)
 GET /demos 200 in 628ms (next.js: 31ms, application-code: 597ms)
 GET /contact 200 in 442ms (next.js: 299ms, application-code: 143ms)
 GET / 200 in 165ms (next.js: 21ms, application-code: 144ms)
 GET /services 200 in 133ms (next.js: 17ms, application-code: 117ms)
 GET /demos 200 in 115ms (next.js: 11ms, application-code: 104ms)
 GET /agents 200 in 377ms (next.js: 275ms, application-code: 101ms)
 GET /pricing 200 in 408ms (next.js: 264ms, application-code: 144ms)
 GET / 200 in 98ms (next.js: 15ms, application-code: 83ms)
 GET /services 200 in 94ms (next.js: 9ms, application-code: 85ms)
 GET /demos 200 in 163ms (next.js: 15ms, application-code: 148ms)
 GET /contact 200 in 98ms (next.js: 11ms, application-code: 86ms)
 GET / 200 in 101ms (next.js: 9ms, application-code: 92ms)
 GET / 200 in 30ms (next.js: 13ms, application-code: 17ms)
 GET / 200 in 79ms (next.js: 13ms, application-code: 67ms)
 GET / 200 in 240ms (next.js: 14ms, application-code: 226ms)
 GET / 200 in 30ms (next.js: 16ms, application-code: 14ms)
 GET / 200 in 77ms (next.js: 13ms, application-code: 64ms)
 GET / 200 in 507ms (next.js: 19ms, application-code: 488ms)
 GET / 200 in 586ms (next.js: 43ms, application-code: 544ms)
 GET / 200 in 61ms (next.js: 25ms, application-code: 37ms)
 GET / 200 in 161ms (next.js: 24ms, application-code: 137ms)
 GET /services 200 in 346ms (next.js: 29ms, application-code: 317ms)
 GET / 200 in 172ms (next.js: 18ms, application-code: 153ms)
 GET / 200 in 3.4s (next.js: 511ms, application-code: 2.9s)
 GET /services 200 in 3.0s (next.js: 133ms, application-code: 2.9s)
✓ Compiled in 1658ms
 GET /services 200 in 1849ms (next.js: 695ms, application-code: 1154ms)
 GET / 200 in 204ms (next.js: 28ms, application-code: 176ms)
 GET / 200 in 631ms (next.js: 121ms, application-code: 509ms)
 GET / 200 in 443ms (next.js: 21ms, application-code: 421ms)
 GET / 200 in 200ms (next.js: 12ms, application-code: 188ms)
 GET / 200 in 204ms (next.js: 11ms, application-code: 194ms)
 GET / 200 in 32ms (next.js: 11ms, application-code: 21ms)
 GET / 200 in 88ms (next.js: 16ms, application-code: 72ms)
 GET / 200 in 34ms (next.js: 15ms, application-code: 18ms)
 GET / 200 in 112ms (next.js: 16ms, application-code: 97ms)
 GET / 200 in 42ms (next.js: 12ms, application-code: 30ms)
 GET / 200 in 101ms (next.js: 13ms, application-code: 88ms)
 GET /services 200 in 215ms (next.js: 21ms, application-code: 194ms)
 GET / 200 in 116ms (next.js: 20ms, application-code: 96ms)
 GET /services 200 in 232ms (next.js: 31ms, application-code: 202ms)
 GET / 200 in 116ms (next.js: 12ms, application-code: 104ms)
 GET /demos 200 in 182ms (next.js: 25ms, application-code: 157ms)
 GET /services 200 in 213ms (next.js: 24ms, application-code: 189ms)
 GET / 200 in 102ms (next.js: 16ms, application-code: 85ms)
 GET /demos 200 in 618ms (next.js: 18ms, application-code: 599ms)
 GET / 200 in 91ms (next.js: 14ms, application-code: 77ms)
 GET /demos 200 in 123ms (next.js: 11ms, application-code: 112ms)
 GET / 200 in 107ms (next.js: 20ms, application-code: 87ms)
 GET /services 200 in 249ms (next.js: 24ms, application-code: 225ms)
✓ Compiled in 1015ms
 GET /demos 200 in 199ms (next.js: 24ms, application-code: 174ms)
 GET /services 200 in 294ms (next.js: 27ms, application-code: 267ms)
 GET /agents 200 in 197ms (next.js: 29ms, application-code: 168ms)
 GET /pricing 200 in 984ms (next.js: 451ms, application-code: 533ms)
 GET /pricing 200 in 3.0s (next.js: 1115ms, application-code: 1921ms)
 GET /pricing 200 in 490ms (next.js: 54ms, application-code: 436ms)
 GET /contact 200 in 529ms (next.js: 145ms, application-code: 384ms)
 GET /demos 200 in 693ms (next.js: 96ms, application-code: 597ms)
 GET /demos 200 in 632ms (next.js: 379ms, application-code: 252ms)
 GET /agents/3d-avatar-agent 200 in 1314ms (next.js: 979ms, application-code: 335ms)
 GET /agents/3d-avatar-agent 200 in 444ms (next.js: 16ms, application-code: 428ms)
✓ Compiled in 607ms
 GET /agents/3d-avatar-agent 200 in 824ms (next.js: 707ms, application-code: 117ms)
 GET / 200 in 237ms (next.js: 153ms, application-code: 84ms)
✓ Compiled in 1184ms
 GET / 200 in 1397ms (next.js: 769ms, application-code: 628ms)
 GET /demos 200 in 718ms (next.js: 112ms, application-code: 605ms)
 GET /agents/3d-avatar-agent 200 in 2.6s (next.js: 1880ms, application-code: 756ms)
 GET /agents/3d-avatar-agent 200 in 500ms (next.js: 19ms, application-code: 481ms)
 GET / 200 in 100ms (next.js: 19ms, application-code: 81ms)
 GET /services 200 in 189ms (next.js: 73ms, application-code: 116ms)
  Reload env: .env.local
 GET /services 200 in 291ms (next.js: 197ms, application-code: 95ms)
 GET /services 200 in 2.2s (next.js: 552ms, application-code: 1635ms)
 GET /services 200 in 629ms (next.js: 144ms, application-code: 486ms)
 GET /services 200 in 376ms (next.js: 81ms, application-code: 295ms)
 GET /services 200 in 376ms (next.js: 260ms, application-code: 116ms)
  Reload env: .env.local
 GET /services 200 in 551ms (next.js: 277ms, application-code: 275ms)
 GET /services 200 in 134ms (next.js: 13ms, application-code: 121ms)
 GET /agents 200 in 176ms (next.js: 84ms, application-code: 92ms)
 GET /agents/voice-agent 200 in 1002ms (next.js: 894ms, application-code: 108ms)
[browser] daily-js version 0.85.0 is nearing end of support. Please upgrade to a newer version. (file://http://localhost:3000/_next/static/chunks/node_modules_1v2l21d._.js:5971:21)
[browser] daily-js version 0.85.0 is nearing end of support. Please upgrade to a newer version. (file://http://localhost:3000/_next/static/chunks/node_modules_1v2l21d._.js:5971:21)
 POST /api/voice-agent 429 in 739ms (next.js: 180ms, application-code: 559ms)
 GET / 200 in 158ms (next.js: 79ms, application-code: 79ms)
 GET /demos 200 in 233ms (next.js: 76ms, application-code: 157ms)
 GET /agents/voice-agent 200 in 74ms (next.js: 12ms, application-code: 62ms)
[browser] daily-js version 0.85.0 is nearing end of support. Please upgrade to a newer version. (file://http://localhost:3000/_next/static/chunks/node_modules_1v2l21d._.js:5971:21)
 GET /agents/voice-agent 200 in 566ms (next.js: 15ms, application-code: 551ms)
[browser] daily-js version 0.85.0 is nearing end of support. Please upgrade to a newer version. (file://http://localhost:3000/_next/static/chunks/node_modules_1v2l21d._.js:5971:21)
 GET / 200 in 169ms (next.js: 24ms, application-code: 145ms)
✓ Compiled in 4.2s
✓ Compiled in 588ms
✓ Compiled in 426ms
✓ Compiled in 666ms
✓ Compiled in 896ms
✓ Compiled in 363ms
✓ Compiled in 190ms
✓ Compiled in 333ms
✓ Compiled in 257ms
✓ Compiled in 173ms
✓ Compiled in 130ms
✓ Compiled in 126ms
✓ Compiled in 373ms
✓ Compiled in 139ms
✓ Compiled in 213ms
✓ Compiled in 110ms
✓ Compiled in 114ms
✓ Compiled in 194ms
✓ Finished writing to filesystem cache in 11.7s
  Reload env: .env.local
✓ Compiled in 4.9s
✓ Compiled in 590ms
  Reload env: .env.local
  Reload env: .env.local
✓ Compiled in 1003ms
